<?xml version="1.0" encoding="UTF-8"?>
<!-- Generated by org.testng.reporters.JUnitReportReporter -->
<testsuite hostname="LAPTOP-EOB9U4EP" failures="0" tests="2" name="runners.TestRunner" time="64.969" errors="0" timestamp="2025-06-09T09:39:48 IST" skipped="0">
  <testcase classname="runners.TestRunner" name="runScenario" time="28.719"/>
  <system-out/>
  <testcase classname="runners.TestRunner" name="runScenario" time="36.250"/>
  <system-out/>
</testsuite> <!-- runners.TestRunner -->
