<?xml version="1.0" encoding="UTF-8"?>
<!-- Generated by org.testng.reporters.JUnitReportReporter -->
<testsuite hostname="LAPTOP-EOB9U4EP" failures="0" tests="1" name="runners.TestRunner" time="19.858" errors="0" timestamp="2025-06-05T20:21:05 IST" skipped="0">
  <testcase classname="runners.TestRunner" name="runScenario" time="19.858"/>
  <system-out/>
</testsuite> <!-- runners.TestRunner -->
