<?xml version="1.0" encoding="UTF-8"?>
<!-- Generated by org.testng.reporters.JUnitReportReporter -->
<testsuite hostname="LAPTOP-EOB9U4EP" failures="0" tests="1" name="runners.TestRunner" time="74.069" errors="0" timestamp="2025-06-07T20:16:40 IST" skipped="0">
  <testcase classname="runners.TestRunner" name="runScenario" time="74.069"/>
  <system-out/>
</testsuite> <!-- runners.TestRunner -->
