<?xml version="1.0" encoding="UTF-8"?>
<!-- Generated by org.testng.reporters.JUnitReportReporter -->
<testsuite hostname="LAPTOP-EOB9U4EP" failures="0" tests="2" name="runners.TestRunner" time="71.720" errors="0" timestamp="2025-06-21T12:36:59 IST" skipped="0">
  <testcase classname="runners.TestRunner" name="runScenario" time="34.212"/>
  <system-out/>
  <testcase classname="runners.TestRunner" name="runScenario" time="37.508"/>
  <system-out/>
</testsuite> <!-- runners.TestRunner -->
