<?xml version="1.0" encoding="UTF-8"?>
<!-- Generated by org.testng.reporters.JUnitReportReporter -->
<testsuite hostname="LAPTOP-EOB9U4EP" failures="0" tests="2" name="runners.TestRunner" time="87.047" errors="0" timestamp="2025-06-21T12:56:06 IST" skipped="0">
  <testcase classname="runners.TestRunner" name="runScenario" time="41.710"/>
  <system-out/>
  <testcase classname="runners.TestRunner" name="runScenario" time="45.337"/>
  <system-out/>
</testsuite> <!-- runners.TestRunner -->
